<?xml version="1.0" encoding="UTF-8"?>
<!-- Generated by org.testng.reporters.JUnitReportReporter -->
<testsuite hostname="naveenreddy" name="naveen.alti.SampleSauceTest" tests="1" failures="0" timestamp="1 Sep 2016 18:00:38 GMT" time="6.125" errors="0">
  <testcase name="demofirst" time="6.125" classname="naveen.alti.SampleSauceTest"/>
</testsuite> <!-- naveen.alti.SampleSauceTest -->
