<?xml version="1.0" encoding="UTF-8"?>
<!-- Generated by org.testng.reporters.JUnitReportReporter -->
<testsuite hostname="naveenreddy" name="naveen.alti.Demo" tests="1" failures="0" timestamp="19 Aug 2016 11:45:50 GMT" time="12.105" errors="0">
  <testcase name="test1" time="12.105" classname="naveen.alti.Demo"/>
</testsuite> <!-- naveen.alti.Demo -->
